<?xml version="1.0" encoding="UTF-8"?>
<!-- Generated by org.testng.reporters.JUnitReportReporter -->
<testsuite hostname="DESKTOP-Q1L3FL8" failures="0" tests="1" name="june28_log4j.LogTest" time="0.054" errors="0" timestamp="2021-06-29T17:02:43 IST" skipped="0">
  <testcase classname="june28_log4j.LogTest" name="Print" time="0.054"/>
  <system-out/>
</testsuite> <!-- june28_log4j.LogTest -->
