<?xml version="1.0" encoding="UTF-8"?>
<!-- Generated by org.testng.reporters.JUnitReportReporter -->
<testsuite hostname="DESKTOP-Q1L3FL8" failures="0" tests="3" name="testNGinjecting.Demo1" time="150.619" errors="0" timestamp="2021-06-26T12:11:39 IST" skipped="0">
  <testcase classname="testNGinjecting.Demo1" name="f2" time="53.524"/>
  <system-out/>
  <testcase classname="testNGinjecting.Demo1" name="f" time="46.005"/>
  <system-out/>
  <testcase classname="testNGinjecting.Demo1" name="f3" time="51.090"/>
  <system-out/>
</testsuite> <!-- testNGinjecting.Demo1 -->
