<?xml version="1.0" encoding="UTF-8"?>
<!-- Generated by org.testng.reporters.JUnitReportReporter -->
<testsuite hostname="DESKTOP-Q1L3FL8" failures="0" tests="3" name="testNGinjecting.Demo2" time="60.081" errors="0" timestamp="2021-06-26T12:17:37 IST" skipped="0">
  <testcase classname="testNGinjecting.Demo2" name="f2" time="11.146"/>
  <system-out/>
  <testcase classname="testNGinjecting.Demo2" name="f3" time="14.813"/>
  <system-out/>
  <testcase classname="testNGinjecting.Demo2" name="f" time="34.122"/>
  <system-out/>
</testsuite> <!-- testNGinjecting.Demo2 -->
