<?xml version="1.0" encoding="UTF-8"?>
<!-- Generated by org.testng.reporters.JUnitReportReporter -->
<testsuite hostname="DESKTOP-Q1L3FL8" failures="0" tests="3" name="testNGinject2.Demo1" time="14.026" errors="0" timestamp="2021-06-26T12:37:05 IST" skipped="0">
  <testcase classname="testNGinject2.Demo1" name="f3" time="6.228"/>
  <system-out/>
  <testcase classname="testNGinject2.Demo1" name="f" time="6.545"/>
  <system-out/>
  <testcase classname="testNGinject2.Demo1" name="f2" time="1.253"/>
  <system-out/>
</testsuite> <!-- testNGinject2.Demo1 -->
