<?xml version="1.0" encoding="UTF-8"?>
<!-- Generated by org.testng.reporters.JUnitReportReporter -->
<testsuite hostname="DESKTOP-Q1L3FL8" failures="0" tests="6" name="testngdemo.NewTest" time="0.041" errors="0" timestamp="2021-06-25T18:03:42 IST" skipped="0">
  <testcase classname="testngdemo.NewTest" name="mobile" time="0.007"/>
  <system-out/>
  <testcase classname="testngdemo.NewTest" name="box" time="0.006"/>
  <system-out/>
  <testcase classname="testngdemo.NewTest" name="mobile" time="0.005"/>
  <system-out/>
  <testcase classname="testngdemo.NewTest" name="charger" time="0.012"/>
  <system-out/>
  <testcase classname="testngdemo.NewTest" name="box" time="0.006"/>
  <system-out/>
  <testcase classname="testngdemo.NewTest" name="charger" time="0.005"/>
  <system-out/>
</testsuite> <!-- testngdemo.NewTest -->
