<?xml version="1.0" encoding="UTF-8"?>
<!-- Generated by org.testng.reporters.JUnitReportReporter -->
<testsuite hostname="DESKTOP-Q1L3FL8" failures="0" tests="1" name="june25testng.Sample2" time="0.006" errors="0" timestamp="2021-06-25T18:03:42 IST" skipped="0">
  <testcase classname="june25testng.Sample2" name="f" time="0.006"/>
  <system-out/>
</testsuite> <!-- june25testng.Sample2 -->
