<?xml version="1.0" encoding="UTF-8"?>
<!-- Generated by org.testng.reporters.JUnitReportReporter -->
<testsuite hostname="DESKTOP-Q1L3FL8" failures="0" tests="1" name="june27.CreateAccountTestcase" time="32.212" errors="0" timestamp="2021-06-29T13:25:14 IST" skipped="0">
  <testcase classname="june27.CreateAccountTestcase" name="CreateAccount" time="32.212"/>
  <system-out/>
</testsuite> <!-- june27.CreateAccountTestcase -->
