<?xml version="1.0" encoding="UTF-8"?>
<!-- Generated by org.testng.reporters.JUnitReportReporter -->
<testsuite hostname="DESKTOP-Q1L3FL8" failures="0" tests="3" name="testNGinject2.Demo2" time="60.612" errors="0" timestamp="2021-06-26T12:37:05 IST" skipped="0">
  <testcase classname="testNGinject2.Demo2" name="f3" time="15.253"/>
  <system-out/>
  <testcase classname="testNGinject2.Demo2" name="f2" time="10.612"/>
  <system-out/>
  <testcase classname="testNGinject2.Demo2" name="f" time="34.747"/>
  <system-out/>
</testsuite> <!-- testNGinject2.Demo2 -->
