<?xml version="1.0" encoding="UTF-8"?>
<!-- Generated by org.testng.reporters.JUnitReportReporter -->
<testsuite hostname="DESKTOP-Q1L3FL8" failures="0" tests="1" name="testNGinjecting.NewTest" time="0.113" errors="0" timestamp="2021-06-26T12:21:31 IST" skipped="0">
  <testcase classname="testNGinjecting.NewTest" name="f" time="0.113"/>
  <system-out/>
</testsuite> <!-- testNGinjecting.NewTest -->
