<?xml version="1.0" encoding="UTF-8"?>
<!-- Generated by org.testng.reporters.JUnitReportReporter -->
<testsuite hostname="DESKTOP-Q1L3FL8" failures="0" tests="2" name="testngdemo.demo1" time="0.025" errors="0" timestamp="2021-06-25T18:03:42 IST" skipped="0">
  <testcase classname="testngdemo.demo1" name="praveen" time="0.018"/>
  <system-out/>
  <testcase classname="testngdemo.demo1" name="praveen" time="0.007"/>
  <system-out/>
</testsuite> <!-- testngdemo.demo1 -->
