<?xml version="1.0" encoding="UTF-8"?>
<!-- Generated by org.testng.reporters.JUnitReportReporter -->
<testsuite hostname="DESKTOP-Q1L3FL8" failures="0" tests="1" name="june25TestNGEx.demo1" time="18.582" errors="0" timestamp="2021-06-25T19:10:02 IST" skipped="0">
  <testcase classname="june25TestNGEx.demo1" name="f" time="18.582"/>
  <system-out/>
</testsuite> <!-- june25TestNGEx.demo1 -->
