<?xml version="1.0" encoding="UTF-8"?>
<!-- Generated by org.testng.reporters.JUnitReportReporter -->
<testsuite hostname="DESKTOP-Q1L3FL8" failures="0" tests="1" name="june25testng.Sample1" time="0.018" errors="0" timestamp="2021-06-25T18:03:07 IST" skipped="0">
  <testcase classname="june25testng.Sample1" name="f" time="0.018"/>
  <system-out/>
</testsuite> <!-- june25testng.Sample1 -->
