<?xml version="1.0" encoding="UTF-8"?>
<!-- Generated by org.testng.reporters.JUnitReportReporter -->
<testsuite hostname="DESKTOP-Q1L3FL8" failures="0" tests="2" name="testNgdemo1.demo1" time="0.028" errors="0" timestamp="2021-06-23T19:52:48 IST" skipped="0">
  <testcase classname="testNgdemo1.demo1" name="f" time="0.024"/>
  <system-out/>
  <testcase classname="testNgdemo1.demo1" name="f2" time="0.004"/>
  <system-out/>
</testsuite> <!-- testNgdemo1.demo1 -->
